This is pdfTeX, Version 3.141592653-2.6-1.40.25 (TeX Live 2023) (preloaded format=pdflatex 2024.1.25)  30 JAN 2024 22:45
entering extended mode
 restricted \write18 enabled.
 %&-line parsing enabled.
**index.tex
(./index.tex
LaTeX2e <2023-11-01> patch level 1
L3 programming layer <2024-01-22>
(/home/xrander/.TinyTeX/texmf-dist/tex/latex/koma-script/scrreprt.cls
Document Class: scrreprt 2023/07/07 v3.41 KOMA-Script document class (report)
(/home/xrander/.TinyTeX/texmf-dist/tex/latex/koma-script/scrkbase.sty
Package: scrkbase 2023/07/07 v3.41 KOMA-Script package (KOMA-Script-dependent basics and keyval usage)
 (/home/xrander/.TinyTeX/texmf-dist/tex/latex/koma-script/scrbase.sty
Package: scrbase 2023/07/07 v3.41 KOMA-Script package (KOMA-Script-independent basics and keyval usage)
 (/home/xrander/.TinyTeX/texmf-dist/tex/latex/koma-script/scrlfile.sty
Package: scrlfile 2023/07/07 v3.41 KOMA-Script package (file load hooks)
 (/home/xrander/.TinyTeX/texmf-dist/tex/latex/koma-script/scrlfile-hook.sty
Package: scrlfile-hook 2023/07/07 v3.41 KOMA-Script package (using LaTeX hooks)
 (/home/xrander/.TinyTeX/texmf-dist/tex/latex/koma-script/scrlogo.sty
Package: scrlogo 2023/07/07 v3.41 KOMA-Script package (logo)
))) (/home/xrander/.TinyTeX/texmf-dist/tex/latex/graphics/keyval.sty
Package: keyval 2022/05/29 v1.15 key=value parser (DPC)
\KV@toks@=\toks17
)
Applying: [2021/05/01] Usage of raw or classic option list on input line 252.
Already applied: [0000/00/00] Usage of raw or classic option list on input line 368.
)) (/home/xrander/.TinyTeX/texmf-dist/tex/latex/koma-script/tocbasic.sty
Package: tocbasic 2023/07/07 v3.41 KOMA-Script package (handling toc-files)
\scr@dte@tocline@numberwidth=\skip48
\scr@dte@tocline@numbox=\box51
)
Package tocbasic Info: omitting babel extension for `toc'
(tocbasic)             because of feature `nobabel' available
(tocbasic)             for `toc' on input line 135.
Class scrreprt Info: File `scrsize11pt.clo' used instead of
(scrreprt)           file `scrsize11.clo' to setup font sizes on input line 2688.
 (/home/xrander/.TinyTeX/texmf-dist/tex/latex/koma-script/scrsize11pt.clo
File: scrsize11pt.clo 2023/07/07 v3.41 KOMA-Script font size class option (11pt)
) (/home/xrander/.TinyTeX/texmf-dist/tex/latex/koma-script/typearea.sty
Package: typearea 2023/07/07 v3.41 KOMA-Script package (type area)
\ta@bcor=\skip49
\ta@div=\count187
Package typearea Info: You've used standard option `letterpaper'.
(typearea)             This is correct!
(typearea)             Internally I'm using `paper=letter'.
(typearea)             If you'd like to set the option with \KOMAoptions,
(typearea)             you'd have to use `paper=letter' there
(typearea)             instead of `letterpaper', too.
\ta@hblk=\skip50
\ta@vblk=\skip51
\ta@temp=\skip52
\footheight=\skip53
Package typearea Info: These are the values describing the layout:
(typearea)             DIV  = 11
(typearea)             BCOR = 0.0pt
(typearea)             \paperwidth      = 614.295pt
(typearea)              \textwidth      = 446.76004pt
(typearea)              DIV departure   = -14%
(typearea)              \evensidemargin = 11.49748pt
(typearea)              \oddsidemargin  = 11.49748pt
(typearea)             \paperheight     = 794.96999pt
(typearea)              \textheight     = 582.20026pt
(typearea)              \topmargin      = -37.40001pt
(typearea)              \headheight     = 17.0pt
(typearea)              \headsep        = 20.40001pt
(typearea)              \topskip        = 11.0pt
(typearea)              \footskip       = 47.6pt
(typearea)              \baselineskip   = 13.6pt
(typearea)              on input line 1799.
)
\c@part=\count188
\c@chapter=\count189
\c@section=\count190
\c@subsection=\count191
\c@subsubsection=\count192
\c@paragraph=\count193
\c@subparagraph=\count194
\scr@dte@chapter@maxnumwidth=\skip54
Class scrreprt Info: using compatibility default `afterindent=bysign'
(scrreprt)           for `\chapter on input line 5994.
\scr@dte@section@maxnumwidth=\skip55
Class scrreprt Info: using compatibility default `runin=bysign'
(scrreprt)           for `\section on input line 6005.
Class scrreprt Info: using compatibility default `afterindent=bysign'
(scrreprt)           for `\section on input line 6005.
\scr@dte@part@maxnumwidth=\skip56
Class scrreprt Info: using compatibility default `afterindent=true'
(scrreprt)           for `\part on input line 6014.
\scr@dte@subsection@maxnumwidth=\skip57
Class scrreprt Info: using compatibility default `runin=bysign'
(scrreprt)           for `\subsection on input line 6024.
Class scrreprt Info: using compatibility default `afterindent=bysign'
(scrreprt)           for `\subsection on input line 6024.
\scr@dte@subsubsection@maxnumwidth=\skip58
Class scrreprt Info: using compatibility default `runin=bysign'
(scrreprt)           for `\subsubsection on input line 6034.
Class scrreprt Info: using compatibility default `afterindent=bysign'
(scrreprt)           for `\subsubsection on input line 6034.
\scr@dte@paragraph@maxnumwidth=\skip59
Class scrreprt Info: using compatibility default `runin=bysign'
(scrreprt)           for `\paragraph on input line 6045.
Class scrreprt Info: using compatibility default `afterindent=bysign'
(scrreprt)           for `\paragraph on input line 6045.
\scr@dte@subparagraph@maxnumwidth=\skip60
Class scrreprt Info: using compatibility default `runin=bysign'
(scrreprt)           for `\subparagraph on input line 6055.
Class scrreprt Info: using compatibility default `afterindent=bysign'
(scrreprt)           for `\subparagraph on input line 6055.
\abovecaptionskip=\skip61
\belowcaptionskip=\skip62
\c@pti@nb@sid@b@x=\box52
Package tocbasic Info: omitting babel extension for `lof'
(tocbasic)             because of feature `nobabel' available
(tocbasic)             for `lof' on input line 7240.
\scr@dte@figure@maxnumwidth=\skip63
\c@figure=\count195
Package tocbasic Info: omitting babel extension for `lot'
(tocbasic)             because of feature `nobabel' available
(tocbasic)             for `lot' on input line 7257.
\scr@dte@table@maxnumwidth=\skip64
\c@table=\count196
Class scrreprt Info: Redefining `\numberline' on input line 7428.
\bibindent=\dimen140
) (/home/xrander/.TinyTeX/texmf-dist/tex/latex/amsmath/amsmath.sty
Package: amsmath 2023/05/13 v2.17o AMS math features
\@mathmargin=\skip65

For additional information on amsmath, use the `?' option.
(/home/xrander/.TinyTeX/texmf-dist/tex/latex/amsmath/amstext.sty
Package: amstext 2021/08/26 v2.01 AMS text
 (/home/xrander/.TinyTeX/texmf-dist/tex/latex/amsmath/amsgen.sty
File: amsgen.sty 1999/11/30 v2.0 generic functions
\@emptytoks=\toks18
\ex@=\dimen141
)) (/home/xrander/.TinyTeX/texmf-dist/tex/latex/amsmath/amsbsy.sty
Package: amsbsy 1999/11/29 v1.2d Bold Symbols
\pmbraise@=\dimen142
) (/home/xrander/.TinyTeX/texmf-dist/tex/latex/amsmath/amsopn.sty
Package: amsopn 2022/04/08 v2.04 operator names
)
\inf@bad=\count197
LaTeX Info: Redefining \frac on input line 234.
\uproot@=\count198
\leftroot@=\count199
LaTeX Info: Redefining \overline on input line 399.
LaTeX Info: Redefining \colon on input line 410.
\classnum@=\count266
\DOTSCASE@=\count267
LaTeX Info: Redefining \ldots on input line 496.
LaTeX Info: Redefining \dots on input line 499.
LaTeX Info: Redefining \cdots on input line 620.
\Mathstrutbox@=\box53
\strutbox@=\box54
LaTeX Info: Redefining \big on input line 722.
LaTeX Info: Redefining \Big on input line 723.
LaTeX Info: Redefining \bigg on input line 724.
LaTeX Info: Redefining \Bigg on input line 725.
\big@size=\dimen143
LaTeX Font Info:    Redeclaring font encoding OML on input line 743.
LaTeX Font Info:    Redeclaring font encoding OMS on input line 744.
\macc@depth=\count268
LaTeX Info: Redefining \bmod on input line 905.
LaTeX Info: Redefining \pmod on input line 910.
LaTeX Info: Redefining \smash on input line 940.
LaTeX Info: Redefining \relbar on input line 970.
LaTeX Info: Redefining \Relbar on input line 971.
\c@MaxMatrixCols=\count269
\dotsspace@=\muskip16
\c@parentequation=\count270
\dspbrk@lvl=\count271
\tag@help=\toks19
\row@=\count272
\column@=\count273
\maxfields@=\count274
\andhelp@=\toks20
\eqnshift@=\dimen144
\alignsep@=\dimen145
\tagshift@=\dimen146
\tagwidth@=\dimen147
\totwidth@=\dimen148
\lineht@=\dimen149
\@envbody=\toks21
\multlinegap=\skip66
\multlinetaggap=\skip67
\mathdisplay@stack=\toks22
LaTeX Info: Redefining \[ on input line 2953.
LaTeX Info: Redefining \] on input line 2954.
) (/home/xrander/.TinyTeX/texmf-dist/tex/latex/amsfonts/amssymb.sty
Package: amssymb 2013/01/14 v3.01 AMS font symbols
 (/home/xrander/.TinyTeX/texmf-dist/tex/latex/amsfonts/amsfonts.sty
Package: amsfonts 2013/01/14 v3.01 Basic AMSFonts support
\symAMSa=\mathgroup4
\symAMSb=\mathgroup5
LaTeX Font Info:    Redeclaring math symbol \hbar on input line 98.
LaTeX Font Info:    Overwriting math alphabet `\mathfrak' in version `bold'
(Font)                  U/euf/m/n --> U/euf/b/n on input line 106.
)) (/home/xrander/.TinyTeX/texmf-dist/tex/generic/iftex/iftex.sty
Package: iftex 2022/02/03 v1.0f TeX engine tests
) (/home/xrander/.TinyTeX/texmf-dist/tex/latex/base/fontenc.sty
Package: fontenc 2021/04/29 v2.0v Standard LaTeX package
) (/home/xrander/.TinyTeX/texmf-dist/tex/latex/base/inputenc.sty
Package: inputenc 2021/02/14 v1.3d Input encoding file
\inpenc@prehook=\toks23
\inpenc@posthook=\toks24
) (/home/xrander/.TinyTeX/texmf-dist/tex/latex/base/textcomp.sty
Package: textcomp 2020/02/02 v2.0n Standard LaTeX package
) (/home/xrander/.TinyTeX/texmf-dist/tex/latex/lm/lmodern.sty
Package: lmodern 2015/05/01 v1.6.1 Latin Modern Fonts
LaTeX Font Info:    Overwriting symbol font `operators' in version `normal'
(Font)                  OT1/cmr/m/n --> OT1/lmr/m/n on input line 22.
LaTeX Font Info:    Overwriting symbol font `letters' in version `normal'
(Font)                  OML/cmm/m/it --> OML/lmm/m/it on input line 23.
LaTeX Font Info:    Overwriting symbol font `symbols' in version `normal'
(Font)                  OMS/cmsy/m/n --> OMS/lmsy/m/n on input line 24.
LaTeX Font Info:    Overwriting symbol font `largesymbols' in version `normal'
(Font)                  OMX/cmex/m/n --> OMX/lmex/m/n on input line 25.
LaTeX Font Info:    Overwriting symbol font `operators' in version `bold'
(Font)                  OT1/cmr/bx/n --> OT1/lmr/bx/n on input line 26.
LaTeX Font Info:    Overwriting symbol font `letters' in version `bold'
(Font)                  OML/cmm/b/it --> OML/lmm/b/it on input line 27.
LaTeX Font Info:    Overwriting symbol font `symbols' in version `bold'
(Font)                  OMS/cmsy/b/n --> OMS/lmsy/b/n on input line 28.
LaTeX Font Info:    Overwriting symbol font `largesymbols' in version `bold'
(Font)                  OMX/cmex/m/n --> OMX/lmex/m/n on input line 29.
LaTeX Font Info:    Overwriting math alphabet `\mathbf' in version `normal'
(Font)                  OT1/cmr/bx/n --> OT1/lmr/bx/n on input line 31.
LaTeX Font Info:    Overwriting math alphabet `\mathsf' in version `normal'
(Font)                  OT1/cmss/m/n --> OT1/lmss/m/n on input line 32.
LaTeX Font Info:    Overwriting math alphabet `\mathit' in version `normal'
(Font)                  OT1/cmr/m/it --> OT1/lmr/m/it on input line 33.
LaTeX Font Info:    Overwriting math alphabet `\mathtt' in version `normal'
(Font)                  OT1/cmtt/m/n --> OT1/lmtt/m/n on input line 34.
LaTeX Font Info:    Overwriting math alphabet `\mathbf' in version `bold'
(Font)                  OT1/cmr/bx/n --> OT1/lmr/bx/n on input line 35.
LaTeX Font Info:    Overwriting math alphabet `\mathsf' in version `bold'
(Font)                  OT1/cmss/bx/n --> OT1/lmss/bx/n on input line 36.
LaTeX Font Info:    Overwriting math alphabet `\mathit' in version `bold'
(Font)                  OT1/cmr/bx/it --> OT1/lmr/bx/it on input line 37.
LaTeX Font Info:    Overwriting math alphabet `\mathtt' in version `bold'
(Font)                  OT1/cmtt/m/n --> OT1/lmtt/m/n on input line 38.
) (/home/xrander/.TinyTeX/texmf-dist/tex/latex/xcolor/xcolor.sty
Package: xcolor 2023/11/15 v3.01 LaTeX color extensions (UK)
 (/home/xrander/.TinyTeX/texmf-dist/tex/latex/graphics-cfg/color.cfg
File: color.cfg 2016/01/02 v1.6 sample color configuration
)
Package xcolor Info: Driver file: pdftex.def on input line 274.
 (/home/xrander/.TinyTeX/texmf-dist/tex/latex/graphics-def/pdftex.def
File: pdftex.def 2022/09/22 v1.2b Graphics/color driver for pdftex
) (/home/xrander/.TinyTeX/texmf-dist/tex/latex/graphics/mathcolor.ltx)
Package xcolor Info: Model `cmy' substituted by `cmy0' on input line 1350.
Package xcolor Info: Model `hsb' substituted by `rgb' on input line 1354.
Package xcolor Info: Model `RGB' extended on input line 1366.
Package xcolor Info: Model `HTML' substituted by `rgb' on input line 1368.
Package xcolor Info: Model `Hsb' substituted by `hsb' on input line 1369.
Package xcolor Info: Model `tHsb' substituted by `hsb' on input line 1370.
Package xcolor Info: Model `HSB' substituted by `hsb' on input line 1371.
Package xcolor Info: Model `Gray' substituted by `gray' on input line 1372.
Package xcolor Info: Model `wave' substituted by `hsb' on input line 1373.
) (/home/xrander/.TinyTeX/texmf-dist/tex/latex/graphics/dvipsnam.def
File: dvipsnam.def 2016/06/17 v3.0m Driver-dependent file (DPC,SPQR)
) (/home/xrander/.TinyTeX/texmf-dist/tex/latex/xcolor/svgnam.def
File: svgnam.def 2023/11/15 v3.01 Predefined colors according to SVG 1.1 (UK)
) (/home/xrander/.TinyTeX/texmf-dist/tex/latex/xcolor/x11nam.def
File: x11nam.def 2023/11/15 v3.01 Predefined colors according to Unix/X11 (UK)
) (/home/xrander/.TinyTeX/texmf-dist/tex/generic/soul/soul.sty
Package: soul 2023-06-14 v3.1 Permit use of UTF-8 characters in soul (HO)
 (/home/xrander/.TinyTeX/texmf-dist/tex/generic/soul/soul-ori.sty
Package: soul-ori 2023-06-14 v3.1 letterspacing/underlining (mf)
\SOUL@word=\toks25
\SOUL@lasttoken=\toks26
\SOUL@syllable=\toks27
\SOUL@cmds=\toks28
\SOUL@buffer=\toks29
\SOUL@token=\toks30
\SOUL@syllgoal=\dimen150
\SOUL@syllwidth=\dimen151
\SOUL@charkern=\dimen152
\SOUL@hyphkern=\dimen153
\SOUL@dimen=\dimen154
\SOUL@dimeni=\dimen155
\SOUL@minus=\count275
\SOUL@comma=\count276
\SOUL@apo=\count277
\SOUL@grave=\count278
\SOUL@spaceskip=\skip68
\SOUL@ttwidth=\dimen156
\SOUL@uldp=\dimen157
\SOUL@ulht=\dimen158
) (/home/xrander/.TinyTeX/texmf-dist/tex/generic/infwarerr/infwarerr.sty
Package: infwarerr 2019/12/03 v1.5 Providing info/warning/error messages (HO)
) (/home/xrander/.TinyTeX/texmf-dist/tex/generic/etexcmds/etexcmds.sty
Package: etexcmds 2019/12/15 v1.7 Avoid name clashes with e-TeX commands (HO)
)) (/home/xrander/.TinyTeX/texmf-dist/tex/latex/tools/longtable.sty
Package: longtable 2023-11-01 v4.19 Multi-page Table package (DPC)
\LTleft=\skip69
\LTright=\skip70
\LTpre=\skip71
\LTpost=\skip72
\LTchunksize=\count279
\LTcapwidth=\dimen159
\LT@head=\box55
\LT@firsthead=\box56
\LT@foot=\box57
\LT@lastfoot=\box58
\LT@gbox=\box59
\LT@cols=\count280
\LT@rows=\count281
\c@LT@tables=\count282
\c@LT@chunks=\count283
\LT@p@ftn=\toks31
)
Class scrreprt Info: longtable captions redefined on input line 59.
 (/home/xrander/.TinyTeX/texmf-dist/tex/latex/booktabs/booktabs.sty
Package: booktabs 2020/01/12 v1.61803398 Publication quality tables
\heavyrulewidth=\dimen160
\lightrulewidth=\dimen161
\cmidrulewidth=\dimen162
\belowrulesep=\dimen163
\belowbottomsep=\dimen164
\aboverulesep=\dimen165
\abovetopsep=\dimen166
\cmidrulesep=\dimen167
\cmidrulekern=\dimen168
\defaultaddspace=\dimen169
\@cmidla=\count284
\@cmidlb=\count285
\@aboverulesep=\dimen170
\@belowrulesep=\dimen171
\@thisruleclass=\count286
\@lastruleclass=\count287
\@thisrulewidth=\dimen172
) (/home/xrander/.TinyTeX/texmf-dist/tex/latex/tools/array.sty
Package: array 2023/10/16 v2.5g Tabular extension package (FMi)
\col@sep=\dimen173
\ar@mcellbox=\box60
\extrarowheight=\dimen174
\NC@list=\toks32
\extratabsurround=\skip73
\backup@length=\skip74
\ar@cellbox=\box61
) (/home/xrander/.TinyTeX/texmf-dist/tex/latex/tools/calc.sty
Package: calc 2023/07/08 v4.3 Infix arithmetic (KKT,FJ)
\calc@Acount=\count288
\calc@Bcount=\count289
\calc@Adimen=\dimen175
\calc@Bdimen=\dimen176
\calc@Askip=\skip75
\calc@Bskip=\skip76
LaTeX Info: Redefining \setlength on input line 80.
LaTeX Info: Redefining \addtolength on input line 81.
\calc@Ccount=\count290
\calc@Cskip=\skip77
) (/home/xrander/.TinyTeX/texmf-dist/tex/latex/etoolbox/etoolbox.sty
Package: etoolbox 2020/10/05 v2.5k e-TeX tools for LaTeX (JAW)
\etb@tempcnta=\count291
) (/home/xrander/.TinyTeX/texmf-dist/tex/latex/mdwtools/footnote.sty
Package: footnote 1997/01/28 1.13 Save footnotes around boxes
\fn@notes=\box62
\fn@width=\dimen177
) (/home/xrander/.TinyTeX/texmf-dist/tex/latex/graphics/graphicx.sty
Package: graphicx 2021/09/16 v1.2d Enhanced LaTeX Graphics (DPC,SPQR)
 (/home/xrander/.TinyTeX/texmf-dist/tex/latex/graphics/graphics.sty
Package: graphics 2022/03/10 v1.4e Standard LaTeX Graphics (DPC,SPQR)
 (/home/xrander/.TinyTeX/texmf-dist/tex/latex/graphics/trig.sty
Package: trig 2021/08/11 v1.11 sin cos tan (DPC)
) (/home/xrander/.TinyTeX/texmf-dist/tex/latex/graphics-cfg/graphics.cfg
File: graphics.cfg 2016/06/04 v1.11 sample graphics configuration
)
Package graphics Info: Driver file: pdftex.def on input line 107.
)
\Gin@req@height=\dimen178
\Gin@req@width=\dimen179
)
\cslhangindent=\skip78
\csllabelwidth=\skip79
\cslentryspacingunit=\skip80
 (/home/xrander/.TinyTeX/texmf-dist/tex/latex/tcolorbox/tcolorbox.sty
Package: tcolorbox 2024/01/10 version 6.2.0 text color boxes
 (/home/xrander/.TinyTeX/texmf-dist/tex/latex/pgf/basiclayer/pgf.sty (/home/xrander/.TinyTeX/texmf-dist/tex/latex/pgf/utilities/pgfrcs.sty (/home/xrander/.TinyTeX/texmf-dist/tex/generic/pgf/utilities/pgfutil-common.tex
\pgfutil@everybye=\toks33
\pgfutil@tempdima=\dimen180
\pgfutil@tempdimb=\dimen181
) (/home/xrander/.TinyTeX/texmf-dist/tex/generic/pgf/utilities/pgfutil-latex.def
\pgfutil@abb=\box63
) (/home/xrander/.TinyTeX/texmf-dist/tex/generic/pgf/utilities/pgfrcs.code.tex (/home/xrander/.TinyTeX/texmf-dist/tex/generic/pgf/pgf.revision.tex)
Package: pgfrcs 2023-01-15 v3.1.10 (3.1.10)
))
Package: pgf 2023-01-15 v3.1.10 (3.1.10)
 (/home/xrander/.TinyTeX/texmf-dist/tex/latex/pgf/basiclayer/pgfcore.sty (/home/xrander/.TinyTeX/texmf-dist/tex/latex/pgf/systemlayer/pgfsys.sty (/home/xrander/.TinyTeX/texmf-dist/tex/generic/pgf/systemlayer/pgfsys.code.tex
Package: pgfsys 2023-01-15 v3.1.10 (3.1.10)
 (/home/xrander/.TinyTeX/texmf-dist/tex/generic/pgf/utilities/pgfkeys.code.tex
\pgfkeys@pathtoks=\toks34
\pgfkeys@temptoks=\toks35
 (/home/xrander/.TinyTeX/texmf-dist/tex/generic/pgf/utilities/pgfkeyslibraryfiltered.code.tex
\pgfkeys@tmptoks=\toks36
))
\pgf@x=\dimen182
\pgf@y=\dimen183
\pgf@xa=\dimen184
\pgf@ya=\dimen185
\pgf@xb=\dimen186
\pgf@yb=\dimen187
\pgf@xc=\dimen188
\pgf@yc=\dimen189
\pgf@xd=\dimen190
\pgf@yd=\dimen191
\w@pgf@writea=\write3
\r@pgf@reada=\read2
\c@pgf@counta=\count292
\c@pgf@countb=\count293
\c@pgf@countc=\count294
\c@pgf@countd=\count295
\t@pgf@toka=\toks37
\t@pgf@tokb=\toks38
\t@pgf@tokc=\toks39
\pgf@sys@id@count=\count296
 (/home/xrander/.TinyTeX/texmf-dist/tex/generic/pgf/systemlayer/pgf.cfg
File: pgf.cfg 2023-01-15 v3.1.10 (3.1.10)
)
Driver file for pgf: pgfsys-pdftex.def
 (/home/xrander/.TinyTeX/texmf-dist/tex/generic/pgf/systemlayer/pgfsys-pdftex.def
File: pgfsys-pdftex.def 2023-01-15 v3.1.10 (3.1.10)
 (/home/xrander/.TinyTeX/texmf-dist/tex/generic/pgf/systemlayer/pgfsys-common-pdf.def
File: pgfsys-common-pdf.def 2023-01-15 v3.1.10 (3.1.10)
))) (/home/xrander/.TinyTeX/texmf-dist/tex/generic/pgf/systemlayer/pgfsyssoftpath.code.tex
File: pgfsyssoftpath.code.tex 2023-01-15 v3.1.10 (3.1.10)
\pgfsyssoftpath@smallbuffer@items=\count297
\pgfsyssoftpath@bigbuffer@items=\count298
) (/home/xrander/.TinyTeX/texmf-dist/tex/generic/pgf/systemlayer/pgfsysprotocol.code.tex
File: pgfsysprotocol.code.tex 2023-01-15 v3.1.10 (3.1.10)
)) (/home/xrander/.TinyTeX/texmf-dist/tex/generic/pgf/basiclayer/pgfcore.code.tex
Package: pgfcore 2023-01-15 v3.1.10 (3.1.10)
 (/home/xrander/.TinyTeX/texmf-dist/tex/generic/pgf/math/pgfmath.code.tex (/home/xrander/.TinyTeX/texmf-dist/tex/generic/pgf/math/pgfmathutil.code.tex) (/home/xrander/.TinyTeX/texmf-dist/tex/generic/pgf/math/pgfmathparser.code.tex
\pgfmath@dimen=\dimen192
\pgfmath@count=\count299
\pgfmath@box=\box64
\pgfmath@toks=\toks40
\pgfmath@stack@operand=\toks41
\pgfmath@stack@operation=\toks42
) (/home/xrander/.TinyTeX/texmf-dist/tex/generic/pgf/math/pgfmathfunctions.code.tex) (/home/xrander/.TinyTeX/texmf-dist/tex/generic/pgf/math/pgfmathfunctions.basic.code.tex) (/home/xrander/.TinyTeX/texmf-dist/tex/generic/pgf/math/pgfmathfunctions.trigonometric.code.tex) (/home/xrander/.TinyTeX/texmf-dist/tex/generic/pgf/math/pgfmathfunctions.random.code.tex) (/home/xrander/.TinyTeX/texmf-dist/tex/generic/pgf/math/pgfmathfunctions.comparison.code.tex) (/home/xrander/.TinyTeX/texmf-dist/tex/generic/pgf/math/pgfmathfunctions.base.code.tex) (/home/xrander/.TinyTeX/texmf-dist/tex/generic/pgf/math/pgfmathfunctions.round.code.tex) (/home/xrander/.TinyTeX/texmf-dist/tex/generic/pgf/math/pgfmathfunctions.misc.code.tex) (/home/xrander/.TinyTeX/texmf-dist/tex/generic/pgf/math/pgfmathfunctions.integerarithmetics.code.tex) (/home/xrander/.TinyTeX/texmf-dist/tex/generic/pgf/math/pgfmathcalc.code.tex) (/home/xrander/.TinyTeX/texmf-dist/tex/generic/pgf/math/pgfmathfloat.code.tex
\c@pgfmathroundto@lastzeros=\count300
)) (/home/xrander/.TinyTeX/texmf-dist/tex/generic/pgf/math/pgfint.code.tex) (/home/xrander/.TinyTeX/texmf-dist/tex/generic/pgf/basiclayer/pgfcorepoints.code.tex
File: pgfcorepoints.code.tex 2023-01-15 v3.1.10 (3.1.10)
\pgf@picminx=\dimen193
\pgf@picmaxx=\dimen194
\pgf@picminy=\dimen195
\pgf@picmaxy=\dimen196
\pgf@pathminx=\dimen197
\pgf@pathmaxx=\dimen198
\pgf@pathminy=\dimen199
\pgf@pathmaxy=\dimen256
\pgf@xx=\dimen257
\pgf@xy=\dimen258
\pgf@yx=\dimen259
\pgf@yy=\dimen260
\pgf@zx=\dimen261
\pgf@zy=\dimen262
) (/home/xrander/.TinyTeX/texmf-dist/tex/generic/pgf/basiclayer/pgfcorepathconstruct.code.tex
File: pgfcorepathconstruct.code.tex 2023-01-15 v3.1.10 (3.1.10)
\pgf@path@lastx=\dimen263
\pgf@path@lasty=\dimen264
) (/home/xrander/.TinyTeX/texmf-dist/tex/generic/pgf/basiclayer/pgfcorepathusage.code.tex
File: pgfcorepathusage.code.tex 2023-01-15 v3.1.10 (3.1.10)
\pgf@shorten@end@additional=\dimen265
\pgf@shorten@start@additional=\dimen266
) (/home/xrander/.TinyTeX/texmf-dist/tex/generic/pgf/basiclayer/pgfcorescopes.code.tex
File: pgfcorescopes.code.tex 2023-01-15 v3.1.10 (3.1.10)
\pgfpic=\box65
\pgf@hbox=\box66
\pgf@layerbox@main=\box67
\pgf@picture@serial@count=\count301
) (/home/xrander/.TinyTeX/texmf-dist/tex/generic/pgf/basiclayer/pgfcoregraphicstate.code.tex
File: pgfcoregraphicstate.code.tex 2023-01-15 v3.1.10 (3.1.10)
\pgflinewidth=\dimen267
) (/home/xrander/.TinyTeX/texmf-dist/tex/generic/pgf/basiclayer/pgfcoretransformations.code.tex
File: pgfcoretransformations.code.tex 2023-01-15 v3.1.10 (3.1.10)
\pgf@pt@x=\dimen268
\pgf@pt@y=\dimen269
\pgf@pt@temp=\dimen270
) (/home/xrander/.TinyTeX/texmf-dist/tex/generic/pgf/basiclayer/pgfcorequick.code.tex
File: pgfcorequick.code.tex 2023-01-15 v3.1.10 (3.1.10)
) (/home/xrander/.TinyTeX/texmf-dist/tex/generic/pgf/basiclayer/pgfcoreobjects.code.tex
File: pgfcoreobjects.code.tex 2023-01-15 v3.1.10 (3.1.10)
) (/home/xrander/.TinyTeX/texmf-dist/tex/generic/pgf/basiclayer/pgfcorepathprocessing.code.tex
File: pgfcorepathprocessing.code.tex 2023-01-15 v3.1.10 (3.1.10)
) (/home/xrander/.TinyTeX/texmf-dist/tex/generic/pgf/basiclayer/pgfcorearrows.code.tex
File: pgfcorearrows.code.tex 2023-01-15 v3.1.10 (3.1.10)
\pgfarrowsep=\dimen271
) (/home/xrander/.TinyTeX/texmf-dist/tex/generic/pgf/basiclayer/pgfcoreshade.code.tex
File: pgfcoreshade.code.tex 2023-01-15 v3.1.10 (3.1.10)
\pgf@max=\dimen272
\pgf@sys@shading@range@num=\count302
\pgf@shadingcount=\count303
) (/home/xrander/.TinyTeX/texmf-dist/tex/generic/pgf/basiclayer/pgfcoreimage.code.tex
File: pgfcoreimage.code.tex 2023-01-15 v3.1.10 (3.1.10)
) (/home/xrander/.TinyTeX/texmf-dist/tex/generic/pgf/basiclayer/pgfcoreexternal.code.tex
File: pgfcoreexternal.code.tex 2023-01-15 v3.1.10 (3.1.10)
\pgfexternal@startupbox=\box68
) (/home/xrander/.TinyTeX/texmf-dist/tex/generic/pgf/basiclayer/pgfcorelayers.code.tex
File: pgfcorelayers.code.tex 2023-01-15 v3.1.10 (3.1.10)
) (/home/xrander/.TinyTeX/texmf-dist/tex/generic/pgf/basiclayer/pgfcoretransparency.code.tex
File: pgfcoretransparency.code.tex 2023-01-15 v3.1.10 (3.1.10)
) (/home/xrander/.TinyTeX/texmf-dist/tex/generic/pgf/basiclayer/pgfcorepatterns.code.tex
File: pgfcorepatterns.code.tex 2023-01-15 v3.1.10 (3.1.10)
) (/home/xrander/.TinyTeX/texmf-dist/tex/generic/pgf/basiclayer/pgfcorerdf.code.tex
File: pgfcorerdf.code.tex 2023-01-15 v3.1.10 (3.1.10)
))) (/home/xrander/.TinyTeX/texmf-dist/tex/generic/pgf/modules/pgfmoduleshapes.code.tex
File: pgfmoduleshapes.code.tex 2023-01-15 v3.1.10 (3.1.10)
\pgfnodeparttextbox=\box69
) (/home/xrander/.TinyTeX/texmf-dist/tex/generic/pgf/modules/pgfmoduleplot.code.tex
File: pgfmoduleplot.code.tex 2023-01-15 v3.1.10 (3.1.10)
) (/home/xrander/.TinyTeX/texmf-dist/tex/latex/pgf/compatibility/pgfcomp-version-0-65.sty
Package: pgfcomp-version-0-65 2023-01-15 v3.1.10 (3.1.10)
\pgf@nodesepstart=\dimen273
\pgf@nodesepend=\dimen274
) (/home/xrander/.TinyTeX/texmf-dist/tex/latex/pgf/compatibility/pgfcomp-version-1-18.sty
Package: pgfcomp-version-1-18 2023-01-15 v3.1.10 (3.1.10)
)) (/home/xrander/.TinyTeX/texmf-dist/tex/latex/tools/verbatim.sty
Package: verbatim 2023-11-06 v1.5v LaTeX2e package for verbatim enhancements
\every@verbatim=\toks43
\verbatim@line=\toks44
\verbatim@in@stream=\read3
) (/home/xrander/.TinyTeX/texmf-dist/tex/latex/environ/environ.sty
Package: environ 2014/05/04 v0.3 A new way to define environments
 (/home/xrander/.TinyTeX/texmf-dist/tex/latex/trimspaces/trimspaces.sty
Package: trimspaces 2009/09/17 v1.1 Trim spaces around a token list
))
\tcb@titlebox=\box70
\tcb@upperbox=\box71
\tcb@lowerbox=\box72
\tcb@phantombox=\box73
\c@tcbbreakpart=\count304
\c@tcblayer=\count305
\c@tcolorbox@number=\count306
\l__tcobox_tmpa_box=\box74
\l__tcobox_tmpa_dim=\dimen275
\tcb@temp=\box75
\tcb@temp=\box76
\tcb@temp=\box77
\tcb@temp=\box78
 (/home/xrander/.TinyTeX/texmf-dist/tex/latex/tcolorbox/tcbskins.code.tex
Library (tcolorbox): 'tcbskins.code.tex' version '6.2.0'
(/home/xrander/.TinyTeX/texmf-dist/tex/latex/pgf/frontendlayer/tikz.sty (/home/xrander/.TinyTeX/texmf-dist/tex/latex/pgf/utilities/pgffor.sty (/home/xrander/.TinyTeX/texmf-dist/tex/latex/pgf/utilities/pgfkeys.sty (/home/xrander/.TinyTeX/texmf-dist/tex/generic/pgf/utilities/pgfkeys.code.tex)) (/home/xrander/.TinyTeX/texmf-dist/tex/latex/pgf/math/pgfmath.sty (/home/xrander/.TinyTeX/texmf-dist/tex/generic/pgf/math/pgfmath.code.tex)) (/home/xrander/.TinyTeX/texmf-dist/tex/generic/pgf/utilities/pgffor.code.tex
Package: pgffor 2023-01-15 v3.1.10 (3.1.10)
\pgffor@iter=\dimen276
\pgffor@skip=\dimen277
\pgffor@stack=\toks45
\pgffor@toks=\toks46
)) (/home/xrander/.TinyTeX/texmf-dist/tex/generic/pgf/frontendlayer/tikz/tikz.code.tex
Package: tikz 2023-01-15 v3.1.10 (3.1.10)
 (/home/xrander/.TinyTeX/texmf-dist/tex/generic/pgf/libraries/pgflibraryplothandlers.code.tex
File: pgflibraryplothandlers.code.tex 2023-01-15 v3.1.10 (3.1.10)
\pgf@plot@mark@count=\count307
\pgfplotmarksize=\dimen278
)
\tikz@lastx=\dimen279
\tikz@lasty=\dimen280
\tikz@lastxsaved=\dimen281
\tikz@lastysaved=\dimen282
\tikz@lastmovetox=\dimen283
\tikz@lastmovetoy=\dimen284
\tikzleveldistance=\dimen285
\tikzsiblingdistance=\dimen286
\tikz@figbox=\box79
\tikz@figbox@bg=\box80
\tikz@tempbox=\box81
\tikz@tempbox@bg=\box82
\tikztreelevel=\count308
\tikznumberofchildren=\count309
\tikznumberofcurrentchild=\count310
\tikz@fig@count=\count311
 (/home/xrander/.TinyTeX/texmf-dist/tex/generic/pgf/modules/pgfmodulematrix.code.tex
File: pgfmodulematrix.code.tex 2023-01-15 v3.1.10 (3.1.10)
\pgfmatrixcurrentrow=\count312
\pgfmatrixcurrentcolumn=\count313
\pgf@matrix@numberofcolumns=\count314
)
\tikz@expandcount=\count315
 (/home/xrander/.TinyTeX/texmf-dist/tex/generic/pgf/frontendlayer/tikz/libraries/tikzlibrarytopaths.code.tex
File: tikzlibrarytopaths.code.tex 2023-01-15 v3.1.10 (3.1.10)
))) (/home/xrander/.TinyTeX/texmf-dist/tex/latex/tikzfill/tikzfill.image.sty
Package: tikzfill.image 2023/08/08 v1.0.1 Image filling library for TikZ
 (/home/xrander/.TinyTeX/texmf-dist/tex/latex/tikzfill/tikzfill-common.sty
Package: tikzfill-common 2023/08/08 v1.0.1 Auxiliary code for tikzfill
) (/home/xrander/.TinyTeX/texmf-dist/tex/latex/tikzfill/tikzlibraryfill.image.code.tex
File: tikzlibraryfill.image.code.tex 2023/08/08 v1.0.1 Image filling library
\l__tikzfill_img_box=\box83
)) (/home/xrander/.TinyTeX/texmf-dist/tex/latex/tcolorbox/tcbskinsjigsaw.code.tex
Library (tcolorbox): 'tcbskinsjigsaw.code.tex' version '6.2.0'
)) (/home/xrander/.TinyTeX/texmf-dist/tex/latex/tcolorbox/tcbbreakable.code.tex
Library (tcolorbox): 'tcbbreakable.code.tex' version '6.2.0'
(/home/xrander/.TinyTeX/texmf-dist/tex/latex/pdfcol/pdfcol.sty
Package: pdfcol 2022-09-21 v1.7 Handle new color stacks for pdfTeX (HO)
 (/home/xrander/.TinyTeX/texmf-dist/tex/generic/ltxcmds/ltxcmds.sty
Package: ltxcmds 2023-12-04 v1.26 LaTeX kernel commands for general use (HO)
))
Package pdfcol Info: New color stack `tcb@breakable' = 1 on input line 23.
\tcb@testbox=\box84
\tcb@totalupperbox=\box85
\tcb@totallowerbox=\box86
)) (/home/xrander/.TinyTeX/texmf-dist/tex/latex/fontawesome5/fontawesome5.sty (/home/xrander/.TinyTeX/texmf-dist/tex/latex/l3kernel/expl3.sty
Package: expl3 2024-01-22 L3 programming layer (loader) 
 (/home/xrander/.TinyTeX/texmf-dist/tex/latex/l3backend/l3backend-pdftex.def
File: l3backend-pdftex.def 2024-01-04 L3 backend support: PDF output (pdfTeX)
\l__color_backend_stack_int=\count316
\l__pdf_internal_box=\box87
))
Package: fontawesome5 2022/05/02 v5.15.4 Font Awesome 5
 (/home/xrander/.TinyTeX/texmf-dist/tex/latex/l3packages/l3keys2e/l3keys2e.sty
Package: l3keys2e 2023-10-10 LaTeX2e option processing using LaTeX3 keys
) (/home/xrander/.TinyTeX/texmf-dist/tex/latex/l3packages/xparse/xparse.sty
Package: xparse 2023-10-10 L3 Experimental document command parser
) (/home/xrander/.TinyTeX/texmf-dist/tex/latex/fontawesome5/fontawesome5-generic-helper.sty
Package: fontawesome5-generic-helper 2022/05/02 v5.15.4 non-uTeX helper for fontawesome5
 (/home/xrander/.TinyTeX/texmf-dist/tex/latex/fontawesome5/fontawesome5-mapping.def))) (/home/xrander/.TinyTeX/texmf-dist/tex/latex/bookmark/bookmark.sty
Package: bookmark 2023-12-10 v1.31 PDF bookmarks (HO)
 (/home/xrander/.TinyTeX/texmf-dist/tex/latex/hyperref/hyperref.sty
Package: hyperref 2024-01-20 v7.01h Hypertext links for LaTeX
 (/home/xrander/.TinyTeX/texmf-dist/tex/latex/kvsetkeys/kvsetkeys.sty
Package: kvsetkeys 2022-10-05 v1.19 Key value parser (HO)
) (/home/xrander/.TinyTeX/texmf-dist/tex/generic/kvdefinekeys/kvdefinekeys.sty
Package: kvdefinekeys 2019-12-19 v1.6 Define keys (HO)
) (/home/xrander/.TinyTeX/texmf-dist/tex/generic/pdfescape/pdfescape.sty
Package: pdfescape 2019/12/09 v1.15 Implements pdfTeX's escape features (HO)
 (/home/xrander/.TinyTeX/texmf-dist/tex/generic/pdftexcmds/pdftexcmds.sty
Package: pdftexcmds 2020-06-27 v0.33 Utility functions of pdfTeX for LuaTeX (HO)
Package pdftexcmds Info: \pdf@primitive is available.
Package pdftexcmds Info: \pdf@ifprimitive is available.
Package pdftexcmds Info: \pdfdraftmode found.
)) (/home/xrander/.TinyTeX/texmf-dist/tex/latex/hycolor/hycolor.sty
Package: hycolor 2020-01-27 v1.10 Color options for hyperref/bookmark (HO)
) (/home/xrander/.TinyTeX/texmf-dist/tex/latex/auxhook/auxhook.sty
Package: auxhook 2019-12-17 v1.6 Hooks for auxiliary files (HO)
) (/home/xrander/.TinyTeX/texmf-dist/tex/latex/hyperref/nameref.sty
Package: nameref 2023-11-26 v2.56 Cross-referencing by name of section
 (/home/xrander/.TinyTeX/texmf-dist/tex/latex/refcount/refcount.sty
Package: refcount 2019/12/15 v3.6 Data extraction from label references (HO)
) (/home/xrander/.TinyTeX/texmf-dist/tex/generic/gettitlestring/gettitlestring.sty
Package: gettitlestring 2019/12/15 v1.6 Cleanup title references (HO)
 (/home/xrander/.TinyTeX/texmf-dist/tex/latex/kvoptions/kvoptions.sty
Package: kvoptions 2022-06-15 v3.15 Key value format for package options (HO)
))
\c@section@level=\count317
)
\@linkdim=\dimen287
\Hy@linkcounter=\count318
\Hy@pagecounter=\count319
 (/home/xrander/.TinyTeX/texmf-dist/tex/latex/hyperref/pd1enc.def
File: pd1enc.def 2024-01-20 v7.01h Hyperref: PDFDocEncoding definition (HO)
Now handling font encoding PD1 ...
... no UTF-8 mapping file for font encoding PD1
) (/home/xrander/.TinyTeX/texmf-dist/tex/generic/intcalc/intcalc.sty
Package: intcalc 2019/12/15 v1.3 Expandable calculations with integers (HO)
)
\Hy@SavedSpaceFactor=\count320
 (/home/xrander/.TinyTeX/texmf-dist/tex/latex/hyperref/puenc.def
File: puenc.def 2024-01-20 v7.01h Hyperref: PDF Unicode definition (HO)
Now handling font encoding PU ...
... no UTF-8 mapping file for font encoding PU
)
Package hyperref Info: Option `unicode' set `true' on input line 4062.
Package hyperref Info: Hyper figures OFF on input line 4179.
Package hyperref Info: Link nesting OFF on input line 4184.
Package hyperref Info: Hyper index ON on input line 4187.
Package hyperref Info: Plain pages OFF on input line 4194.
Package hyperref Info: Backreferencing OFF on input line 4199.
Package hyperref Info: Implicit mode ON; LaTeX internals redefined.
Package hyperref Info: Bookmarks ON on input line 4446.
\c@Hy@tempcnt=\count321
 (/home/xrander/.TinyTeX/texmf-dist/tex/latex/url/url.sty
\Urlmuskip=\muskip17
Package: url 2013/09/16  ver 3.4  Verb mode for urls, etc.
)
LaTeX Info: Redefining \url on input line 4784.
\XeTeXLinkMargin=\dimen288
 (/home/xrander/.TinyTeX/texmf-dist/tex/generic/bitset/bitset.sty
Package: bitset 2019/12/09 v1.3 Handle bit-vector datatype (HO)
 (/home/xrander/.TinyTeX/texmf-dist/tex/generic/bigintcalc/bigintcalc.sty
Package: bigintcalc 2019/12/15 v1.5 Expandable calculations on big integers (HO)
))
\Fld@menulength=\count322
\Field@Width=\dimen289
\Fld@charsize=\dimen290
Package hyperref Info: Hyper figures OFF on input line 6063.
Package hyperref Info: Link nesting OFF on input line 6068.
Package hyperref Info: Hyper index ON on input line 6071.
Package hyperref Info: backreferencing OFF on input line 6078.
Package hyperref Info: Link coloring OFF on input line 6083.
Package hyperref Info: Link coloring with OCG OFF on input line 6088.
Package hyperref Info: PDF/A mode OFF on input line 6093.
 (/home/xrander/.TinyTeX/texmf-dist/tex/latex/base/atbegshi-ltx.sty
Package: atbegshi-ltx 2021/01/10 v1.0c Emulation of the original atbegshi
package with kernel methods
)
\Hy@abspage=\count323
\c@Item=\count324
\c@Hfootnote=\count325
)
Package hyperref Info: Driver (autodetected): hpdftex.
 (/home/xrander/.TinyTeX/texmf-dist/tex/latex/hyperref/hpdftex.def
File: hpdftex.def 2024-01-20 v7.01h Hyperref driver for pdfTeX
 (/home/xrander/.TinyTeX/texmf-dist/tex/latex/base/atveryend-ltx.sty
Package: atveryend-ltx 2020/08/19 v1.0a Emulation of the original atveryend package
with kernel methods
)
\Fld@listcount=\count326
\c@bookmark@seq@number=\count327
 (/home/xrander/.TinyTeX/texmf-dist/tex/latex/rerunfilecheck/rerunfilecheck.sty
Package: rerunfilecheck 2022-07-10 v1.10 Rerun checks for auxiliary files (HO)
 (/home/xrander/.TinyTeX/texmf-dist/tex/generic/uniquecounter/uniquecounter.sty
Package: uniquecounter 2019/12/15 v1.4 Provide unlimited unique counter (HO)
)
Package uniquecounter Info: New unique counter `rerunfilecheck' on input line 285.
)
\Hy@SectionHShift=\skip81
) (/home/xrander/.TinyTeX/texmf-dist/tex/latex/bookmark/bkm-pdftex.def
File: bkm-pdftex.def 2023-12-10 v1.31 bookmark driver for pdfTeX and luaTeX (HO)
\BKM@id=\count328
)) (/home/xrander/.TinyTeX/texmf-dist/tex/latex/caption/caption.sty
Package: caption 2023/08/05 v3.6o Customizing captions (AR)
 (/home/xrander/.TinyTeX/texmf-dist/tex/latex/caption/caption3.sty
Package: caption3 2023/07/31 v2.4d caption3 kernel (AR)
\caption@tempdima=\dimen291
\captionmargin=\dimen292
\caption@leftmargin=\dimen293
\caption@rightmargin=\dimen294
\caption@width=\dimen295
\caption@indent=\dimen296
\caption@parindent=\dimen297
\caption@hangindent=\dimen298
Package caption Info: KOMA-Script document class detected.
 (/home/xrander/.TinyTeX/texmf-dist/tex/latex/caption/caption-koma.sto
File: caption-koma.sto 2023/09/08 v2.0e Adaption of the caption package to the KOMA-Script document classes (AR)
))
\c@caption@flags=\count329
\c@continuedfloat=\count330
Package caption Info: hyperref package is loaded.
Package caption Info: longtable package is loaded.
 (/home/xrander/.TinyTeX/texmf-dist/tex/latex/caption/ltcaption.sty
Package: ltcaption 2021/01/08 v1.4c longtable captions (AR)
)
Package caption Info: KOMA-Script scrextend package detected.
\caption@addmargin@hsize=\dimen299
\caption@addmargin@linewidth=\dimen300
) (/home/xrander/.TinyTeX/texmf-dist/tex/latex/float/float.sty
Package: float 2001/11/08 v1.3d Float enhancements (AL)
\c@float@type=\count331
\float@exts=\toks47
\float@box=\box88
\@float@everytoks=\toks48
\@floatcapt=\box89
)
\@float@every@codelisting=\toks49
\c@codelisting=\count332
 (/home/xrander/.TinyTeX/texmf-dist/tex/latex/caption/subcaption.sty
Package: subcaption 2023/07/28 v1.6b Sub-captions (AR)
Package caption Info: New subtype `subfigure' on input line 238.
\c@subfigure=\count333
Package caption Info: New subtype `subtable' on input line 238.
\c@subtable=\count334
)
Package hyperref Info: Option `colorlinks' set `true' on input line 190.
LaTeX Font Info:    Trying to load font information for T1+lmr on input line 196.
 (/home/xrander/.TinyTeX/texmf-dist/tex/latex/lm/t1lmr.fd
File: t1lmr.fd 2015/05/01 v1.6.1 Font defs for Latin Modern
) (./index.aux

LaTeX Warning: Label `sec-venous' multiply defined.

)
\openout1 = `index.aux'.

LaTeX Font Info:    Checking defaults for OML/cmm/m/it on input line 196.
LaTeX Font Info:    ... okay on input line 196.
LaTeX Font Info:    Checking defaults for OMS/cmsy/m/n on input line 196.
LaTeX Font Info:    ... okay on input line 196.
LaTeX Font Info:    Checking defaults for OT1/cmr/m/n on input line 196.
LaTeX Font Info:    ... okay on input line 196.
LaTeX Font Info:    Checking defaults for T1/cmr/m/n on input line 196.
LaTeX Font Info:    ... okay on input line 196.
LaTeX Font Info:    Checking defaults for TS1/cmr/m/n on input line 196.
LaTeX Font Info:    ... okay on input line 196.
LaTeX Font Info:    Checking defaults for OMX/cmex/m/n on input line 196.
LaTeX Font Info:    ... okay on input line 196.
LaTeX Font Info:    Checking defaults for U/cmr/m/n on input line 196.
LaTeX Font Info:    ... okay on input line 196.
LaTeX Font Info:    Checking defaults for PD1/pdf/m/n on input line 196.
LaTeX Font Info:    ... okay on input line 196.
LaTeX Font Info:    Checking defaults for PU/pdf/m/n on input line 196.
LaTeX Font Info:    ... okay on input line 196.
Package scrbase Info: activating english \abstractname on input line 196.
Package scrbase Info: activating english \partname on input line 196.
Package scrbase Info: activating english \chaptername on input line 196.
Package scrbase Info: activating english \appendixname on input line 196.
Package scrbase Info: activating english \figurename on input line 196.
Package scrbase Info: activating english \tablename on input line 196.
Package scrbase Info: activating english \contentsname on input line 196.
Package scrbase Info: activating english \listfigurename on input line 196.
Package scrbase Info: activating english \listtablename on input line 196.
Package scrbase Info: activating english \bibname on input line 196.
Package scrbase Info: activating english \indexname on input line 196.
 (/home/xrander/.TinyTeX/texmf-dist/tex/latex/epstopdf-pkg/epstopdf-base.sty
Package: epstopdf-base 2020-01-24 v2.11 Base part for package epstopdf
Package epstopdf-base Info: Redefining graphics rule for `.eps' on input line 485.
 (/home/xrander/.TinyTeX/texmf-dist/tex/latex/latexconfig/epstopdf-sys.cfg
File: epstopdf-sys.cfg 2010/07/13 v1.3 Configuration of (r)epstopdf for TeX Live
))
Package hyperref Info: Link coloring ON on input line 196.
Package caption Info: Begin \AtBeginDocument code.
Package caption Info: float package is loaded.
Package caption Info: End \AtBeginDocument code.
LaTeX Font Info:    Trying to load font information for T1+lmss on input line 198.
 (/home/xrander/.TinyTeX/texmf-dist/tex/latex/lm/t1lmss.fd
File: t1lmss.fd 2015/05/01 v1.6.1 Font defs for Latin Modern
)
LaTeX Font Info:    Trying to load font information for OT1+lmr on input line 198.
 (/home/xrander/.TinyTeX/texmf-dist/tex/latex/lm/ot1lmr.fd
File: ot1lmr.fd 2015/05/01 v1.6.1 Font defs for Latin Modern
)
LaTeX Font Info:    Trying to load font information for OML+lmm on input line 198.
 (/home/xrander/.TinyTeX/texmf-dist/tex/latex/lm/omllmm.fd
File: omllmm.fd 2015/05/01 v1.6.1 Font defs for Latin Modern
)
LaTeX Font Info:    Trying to load font information for OMS+lmsy on input line 198.
 (/home/xrander/.TinyTeX/texmf-dist/tex/latex/lm/omslmsy.fd
File: omslmsy.fd 2015/05/01 v1.6.1 Font defs for Latin Modern
)
LaTeX Font Info:    Trying to load font information for OMX+lmex on input line 198.
 (/home/xrander/.TinyTeX/texmf-dist/tex/latex/lm/omxlmex.fd
File: omxlmex.fd 2015/05/01 v1.6.1 Font defs for Latin Modern
)
LaTeX Font Info:    External font `lmex10' loaded for size
(Font)              <14.4> on input line 198.
LaTeX Font Info:    External font `lmex10' loaded for size
(Font)              <10> on input line 198.
LaTeX Font Info:    External font `lmex10' loaded for size
(Font)              <7> on input line 198.
LaTeX Font Info:    Trying to load font information for U+msa on input line 198.
 (/home/xrander/.TinyTeX/texmf-dist/tex/latex/amsfonts/umsa.fd
File: umsa.fd 2013/01/14 v3.01 AMS symbols A
)
LaTeX Font Info:    Trying to load font information for U+msb on input line 198.
 (/home/xrander/.TinyTeX/texmf-dist/tex/latex/amsfonts/umsb.fd
File: umsb.fd 2013/01/14 v3.01 AMS symbols B
) [1



{/home/xrander/.TinyTeX/texmf-var/fonts/map/pdftex/updmap/pdftex.map}{/home/xrander/.TinyTeX/texmf-dist/fonts/enc/dvips/lm/lm-ec.enc}] (./index.toc
LaTeX Font Info:    External font `lmex10' loaded for size
(Font)              <10.95> on input line 2.
LaTeX Font Info:    External font `lmex10' loaded for size
(Font)              <8> on input line 2.
LaTeX Font Info:    External font `lmex10' loaded for size
(Font)              <6> on input line 2.
 [2

] [3] [4]
Overfull \hbox (1.09496pt too wide) detected at line 138
 []\T1/lmss/bx/n/10.95 100
 []


Overfull \hbox (1.09496pt too wide) detected at line 147
 []\T1/lmss/bx/n/10.95 119
 []


Overfull \hbox (1.09496pt too wide) detected at line 156
 []\T1/lmss/bx/n/10.95 125
 []


Overfull \hbox (2.82745pt too wide) detected at line 174
 []\T1/lmss/bx/n/12 136
 []


Overfull \hbox (1.09496pt too wide) detected at line 175
 []\T1/lmss/bx/n/10.95 137
 []

[5]
Overfull \hbox (1.09496pt too wide) detected at line 191
 []\T1/lmss/bx/n/10.95 163
 []


Overfull \hbox (1.09496pt too wide) detected at line 205
 []\T1/lmss/bx/n/10.95 175
 []

[6]
Overfull \hbox (1.09496pt too wide) detected at line 249
 []\T1/lmss/bx/n/10.95 204
 []


Overfull \hbox (1.09496pt too wide) detected at line 263
 []\T1/lmss/bx/n/10.95 216
 []

[7]
Overfull \hbox (2.82745pt too wide) detected at line 300
 []\T1/lmss/bx/n/12 224
 []


Overfull \hbox (1.09496pt too wide) detected at line 301
 []\T1/lmss/bx/n/10.95 225
 []


Overfull \hbox (1.09496pt too wide) detected at line 310
 []\T1/lmss/bx/n/10.95 240
 []

[8]
Overfull \hbox (1.09496pt too wide) detected at line 324
 []\T1/lmss/bx/n/10.95 254
 []


Overfull \hbox (1.09496pt too wide) detected at line 357
 []\T1/lmss/bx/n/10.95 267
 []

[9]
Overfull \hbox (1.09496pt too wide) detected at line 399
 []\T1/lmss/bx/n/10.95 298
 []


Overfull \hbox (2.82745pt too wide) detected at line 417
 []\T1/lmss/bx/n/12 313
 []


Overfull \hbox (1.09496pt too wide) detected at line 418
 []\T1/lmss/bx/n/10.95 314
 []

[10]
Overfull \hbox (1.09496pt too wide) detected at line 445
 []\T1/lmss/bx/n/10.95 349
 []


Overfull \hbox (1.09496pt too wide) detected at line 456
 []\T1/lmss/bx/n/10.95 356
 []


Overfull \hbox (1.09496pt too wide) detected at line 458
 []\T1/lmss/bx/n/10.95 363
 []


Overfull \hbox (1.09496pt too wide) detected at line 465
 []\T1/lmss/bx/n/10.95 370
 []

)
\tf@toc=\write4
\openout4 = `index.toc'.

 [11] [12

]
LaTeX Font Info:    Trying to load font information for TS1+lmr on input line 282.
 (/home/xrander/.TinyTeX/texmf-dist/tex/latex/lm/ts1lmr.fd
File: ts1lmr.fd 2015/05/01 v1.6.1 Font defs for Latin Modern
) [13{/home/xrander/.TinyTeX/texmf-dist/fonts/enc/dvips/lm/lm-ts1.enc}]
Overfull \hbox (13.69261pt too wide) in paragraph at lines 425--428
[]\T1/lmr/bx/n/10.95 Alex Forsyth, MD; \T1/lmr/m/n/10.95 Vas-cu-lar Surgery Res-i-dent; \T1/lmr/m/it/10.95 Uni-ver-sity of Mas-sachusetts; [][]\T1/lmr/m/n/10.95 @alex_forsyth_[][] 
 []

[14

] [15]
Underfull \hbox (badness 1052) in paragraph at lines 497--501
\T1/lmr/m/n/10.95 Vas-cu-lar Surgery train-ing pro-grams; \T1/lmr/m/it/10.95 Uni-ver-sity of Penn-syl-va-nia, Cor-po-ral Michael J.
 []

[16]
part I.
Package scrkbase Info: You've told me to use the font selection of the element
(scrkbase)             `partprefix' that is an alias of element `partnumber'
(scrkbase)              on input line 547.
[17

]
chapter 1.

Class scrreprt Warning: \float@addtolists detected!
(scrreprt)              Implementation of \float@addtolist became
(scrreprt)              deprecated in KOMA-Script v3.01 2008/11/14 and
(scrreprt)              has been replaced by several more flexible
(scrreprt)              features of package `tocbasic`.
(scrreprt)              Since Version 3.12 support for deprecated
(scrreprt)              \float@addtolist interface has been
(scrreprt)              restricted to only some of the KOMA-Script
(scrreprt)              features and been removed from others.
(scrreprt)              Loading of package `scrhack' may help to
(scrreprt)              avoid this warning, if you are using a
(scrreprt)              a package that still implements the
(scrreprt)              deprecated \float@addtolist interface.

[18

] [19]
LaTeX Font Info:    Trying to load font information for U+fontawesomefree2 on input line 744.
 (/home/xrander/.TinyTeX/texmf-dist/tex/latex/fontawesome5/ufontawesomefree2.fd) [20{/home/xrander/.TinyTeX/texmf-dist/fonts/enc/dvips/fontawesome5/fa5free2.enc}] [21] [22]
Underfull \hbox (badness 1735) in paragraph at lines 927--930
[]\T1/lmr/m/n/10.95 Neuromonitoring/Shunting op-tions dur-ing a carotid en-darterec-tomy(Chongruksut,
 []

[23] [24]
Underfull \hbox (badness 2753) in paragraph at lines 1051--1053
[]\T1/lmr/m/n/10.95 Revision re-quired if resid-ual plaque iden-ti-fied with se-vere ve-loc-ity el-e-va-
 []

[25] [26] [27] [28] [29] [30] [31] [32] [33]
chapter 2.
[34

] [35] [36] [37]

! LaTeX Error: Unicode character ≥ (U+2265)
               not set up for use with LaTeX.

See the LaTeX manual or LaTeX Companion for explanation.
Type  H <return>  for immediate help.
 ...                                              
                                                  
l.1955 ...ection or intraluminal hematoma with ≥
                                                   25\% luminal
You may provide a definition with
\DeclareUnicodeCharacter 

[38]
Underfull \hbox (badness 2503) in paragraph at lines 2009--2011
[]\T1/lmr/m/n/10.95 Grade I and II in-juries are rec-om-mended to be treated med-i-cally with an-
 []

[39] [40] [41] [42] [43] [44]
part II.
Package scrkbase Info: You've told me to use the font selection of the element
(scrkbase)             `partprefix' that is an alias of element `partnumber'
(scrkbase)              on input line 2373.
[45

]
chapter 3.
[46

] [47] [48]
Overfull \hbox (1.21597pt too wide) in paragraph at lines 2626--2631
[]\T1/lmr/m/n/10.95 Detailed H+P eval-u-a-tion (pulse pal-pa-tion, aus-cul-ta-tion at supr-a-clav-ic-u-lar/infraclavicular
 []

[49] [50] [51] [52] [53] [54] [55] [56] [57] [58] [59] [60]
Overfull \hbox (3.71107pt too wide) in paragraph at lines 3389--3391
[]\T1/lmr/m/n/10.95 Endovascular Repair-transbrachial/transfemoral ap-proach with cov-ered stent(Maskanakis
 []

[61] [62] [63] [64] [65] [66] [67] [68] [69] [70]
chapter 4.
[71

] [72] [73] [74] [75] [76] [77] [78] [79] [80] [81] [82] [83] [84]
chapter 5.
[85

] [86] [87] [88] [89] [90] [91] [92] [93] [94] [95] [96] [97] [98] [99]
part III.
Package scrkbase Info: You've told me to use the font selection of the element
(scrkbase)             `partprefix' that is an alias of element `partnumber'
(scrkbase)              on input line 5807.
[100

]
chapter 6.
[101

]
<images/thoracic_dissection1.png, id=1533, 943.525pt x 515.9275pt>
File: images/thoracic_dissection1.png Graphic file (type png)
<use images/thoracic_dissection1.png>
Package pdftex.def Info: images/thoracic_dissection1.png  used on input line 5902.
(pdftex.def)             Requested size: 446.76813pt x 244.29662pt.
 [102]
<images/thoracic_dissection2.png, id=1540, 943.525pt x 511.9125pt>
File: images/thoracic_dissection2.png Graphic file (type png)
<use images/thoracic_dissection2.png>
Package pdftex.def Info: images/thoracic_dissection2.png  used on input line 5934.
(pdftex.def)             Requested size: 446.76813pt x 242.39548pt.
 [103 <./images/thoracic_dissection1.png>] [104 <./images/thoracic_dissection2.png>] [105] [106] [107] [108]
chapter 7.
[109

] [110] [111] [112] [113] [114] [115] [116] [117] [118] [119] [120] [121] [122] [123] [124] [125] [126] [127]
chapter 8.
[128

] [129] [130] [131] [132] [133]
chapter 9.
[134

] [135]

! LaTeX Error: Unicode character ≥ (U+2265)
               not set up for use with LaTeX.

See the LaTeX manual or LaTeX Companion for explanation.
Type  H <return>  for immediate help.
 ...                                              
                                                  
l.7779     Intimal tear ≥
                           10mm in length or width
You may provide a definition with
\DeclareUnicodeCharacter 

[136] [137]
Underfull \hbox (badness 1496) in paragraph at lines 7930--7932
[]\T1/lmr/m/n/10.95 During an-giogram, can con-firm or redi-rect siz-ing in real-time dur-ing sys-
 []

[138]

! LaTeX Error: Too deeply nested.

See the LaTeX manual or LaTeX Companion for explanation.
Type  H <return>  for immediate help.
 ...                                              
                                                  
l.7993         \begin{itemize}
                              
You're in trouble here.  Try typing  <return>  to proceed.
If that doesn't work, type  X <return>  to quit.


! LaTeX Error: Too deeply nested.

See the LaTeX manual or LaTeX Companion for explanation.
Type  H <return>  for immediate help.
 ...                                              
                                                  
l.8006         \begin{itemize}
                              
You're in trouble here.  Try typing  <return>  to proceed.
If that doesn't work, type  X <return>  to quit.


! LaTeX Error: Too deeply nested.

See the LaTeX manual or LaTeX Companion for explanation.
Type  H <return>  for immediate help.
 ...                                              
                                                  
l.8019           \begin{itemize}
                                
You're in trouble here.  Try typing  <return>  to proceed.
If that doesn't work, type  X <return>  to quit.

[139] [140] [141] [142] [143] [144]
part IV.
Package scrkbase Info: You've told me to use the font selection of the element
(scrkbase)             `partprefix' that is an alias of element `partnumber'
(scrkbase)              on input line 8308.
[145

]
chapter 10.
[146

] [147] [148]
Underfull \hbox (badness 1436) in paragraph at lines 8525--8528
[]\T1/lmr/m/n/10.95 For smaller aneurysms (3-5cm in size), the growth rate is ap-prox-i-mately
 []

[149] [150] [151] [152] [153] [154] [155] [156] [157] [158]
Underfull \hbox (badness 1005) in paragraph at lines 9161--9164
[]\T1/lmr/m/n/10.95 Use of en-doan-chors in throm-bus and calcium-laden aorta is not rec-
 []

[159] [160] [161] [162]
Underfull \hbox (badness 3158) in paragraph at lines 9418--9422
[]\T1/lmr/m/n/10.95 672 pa-tients were eval-u-ated fur-ther af-ter ex-clu-sion cri-te-ria ap-plied
 []

[163] [164] [165] [166] [167] [168] [169] [170] [171]
chapter 11.
[172

] [173] [174] [175] [176] [177] [178] [179] [180]
<images/mesenteric.jpg, id=2035, 229.96313pt x 128.06244pt>
File: images/mesenteric.jpg Graphic file (type jpg)
<use images/mesenteric.jpg>
Package pdftex.def Info: images/mesenteric.jpg  used on input line 10485.
(pdftex.def)             Requested size: 229.96957pt x 128.06601pt.
 [181 <./images/mesenteric.jpg>] [182] [183]
chapter 12.
[184

]
Underfull \hbox (badness 1565) in paragraph at lines 10695--10699
[]\T1/lmr/m/n/10.95 Renal (es-pe-cially bi-lat-eral) hy-pop-er-fu-sion in-duces ac-ti-va-tion of the renin-angiotensin-
 []

[185] [186] [187] [188] [189] [190] [191] [192] [193] [194] [195] [196] [197] [198] [199] [200] [201] [202] [203] [204] [205] [206] [207] [208] [209] [210] [211] [212]
chapter 13.
[213

] [214] [215] [216] [217] [218] [219] [220] [221] [222]
Overfull \hbox (0.27103pt too wide) in paragraph at lines 13015--13019
[]\T1/lmr/m/n/10.95 Most com-monly, if there is an ex-pand-ing hematoma in Zone II and the re-nal artery/parenchyma
 []

[223] [224]
chapter 14.
[225

] [226] [227] [228] [229] [230] [231] [232]
part V.
Package scrkbase Info: You've told me to use the font selection of the element
(scrkbase)             `partprefix' that is an alias of element `partnumber'
(scrkbase)              on input line 13583.
[233

]
chapter 15.
[234

] [235] [236] [237] [238] [239] [240] [241] [242] [243] [244] [245] [246] [247] [248]
chapter 16.
[249

] [250] [251] [252] [253] [254] [255] [256] [257] [258] [259] [260] [261] [262]
chapter 17.
[263

] [264] [265] [266] [267] [268] [269] [270] [271] [272] [273] [274] [275]
chapter 18.
[276

]
Overfull \hbox (11.19078pt too wide) in paragraph at lines 16104--16108
[]\T1/lmr/m/n/10.95 So CEAP--clinical, eti-o-log-i-cal (with an E be-cause it's Amer-i-can), anatom-i-cal, pathophysiological--
 []

<images/ceap.jpeg, id=2748, 229.96313pt x 128.06244pt>
File: images/ceap.jpeg Graphic file (type jpg)
<use images/ceap.jpeg>
Package pdftex.def Info: images/ceap.jpeg  used on input line 16123.
(pdftex.def)             Requested size: 229.96957pt x 128.06601pt.
[277 <./images/ceap.jpeg>] [278] [279] [280] [281] [282] [283] [284] [285] [286] [287] [288] [289] [290] [291] [292] [293] [294] [295] [296] [297] [298] [299] [300] [301] [302] [303] [304] [305] [306]
chapter 19.
[307

] [308] [309] [310] [311]

! LaTeX Error: Too deeply nested.

See the LaTeX manual or LaTeX Companion for explanation.
Type  H <return>  for immediate help.
 ...                                              
                                                  
l.18152         \begin{itemize}
                               
You're in trouble here.  Try typing  <return>  to proceed.
If that doesn't work, type  X <return>  to quit.

[312]

! LaTeX Error: Too deeply nested.

See the LaTeX manual or LaTeX Companion for explanation.
Type  H <return>  for immediate help.
 ...                                              
                                                  
l.18167         \begin{itemize}
                               
You're in trouble here.  Try typing  <return>  to proceed.
If that doesn't work, type  X <return>  to quit.

[313] [314] [315] [316] [317] [318] [319] [320] [321]
part VI.
Package scrkbase Info: You've told me to use the font selection of the element
(scrkbase)             `partprefix' that is an alias of element `partnumber'
(scrkbase)              on input line 18729.
[322

]
chapter 20.
[323

]
<images/vasc_lab2/Slide2.png, id=3068, 964.49222pt x 542.47112pt>
File: images/vasc_lab2/Slide2.png Graphic file (type png)
<use images/vasc_lab2/Slide2.png>
Package pdftex.def Info: images/vasc_lab2/Slide2.png  used on input line 18797.
(pdftex.def)             Requested size: 446.76236pt x 251.278pt.
<images/vasc_lab2/Slide3.png, id=3069, 964.49222pt x 542.47112pt>
File: images/vasc_lab2/Slide3.png Graphic file (type png)
<use images/vasc_lab2/Slide3.png>
Package pdftex.def Info: images/vasc_lab2/Slide3.png  used on input line 18816.
(pdftex.def)             Requested size: 446.76236pt x 251.278pt.
<images/vasc_lab2/Slide4.png, id=3070, 964.49222pt x 542.47112pt>
File: images/vasc_lab2/Slide4.png Graphic file (type png)
<use images/vasc_lab2/Slide4.png>
Package pdftex.def Info: images/vasc_lab2/Slide4.png  used on input line 18831.
(pdftex.def)             Requested size: 446.76236pt x 251.278pt.
 [324 <./images/vasc_lab2/Slide2.png>] [325 <./images/vasc_lab2/Slide3.png> <./images/vasc_lab2/Slide4.png>]
<images/vasc_lab2/Slide5.png, id=3083, 964.49222pt x 542.47112pt>
File: images/vasc_lab2/Slide5.png Graphic file (type png)
<use images/vasc_lab2/Slide5.png>
Package pdftex.def Info: images/vasc_lab2/Slide5.png  used on input line 18857.
(pdftex.def)             Requested size: 446.76236pt x 251.278pt.
<images/vasc_lab2/Slide6.png, id=3084, 964.49222pt x 542.47112pt>
File: images/vasc_lab2/Slide6.png Graphic file (type png)
<use images/vasc_lab2/Slide6.png>
Package pdftex.def Info: images/vasc_lab2/Slide6.png  used on input line 18872.
(pdftex.def)             Requested size: 446.76236pt x 251.278pt.
 [326 <./images/vasc_lab2/Slide5.png>] [327 <./images/vasc_lab2/Slide6.png>]
<images/vasc_lab2/Slide7.png, id=3095, 964.49222pt x 542.47112pt>
File: images/vasc_lab2/Slide7.png Graphic file (type png)
<use images/vasc_lab2/Slide7.png>
Package pdftex.def Info: images/vasc_lab2/Slide7.png  used on input line 18951.
(pdftex.def)             Requested size: 446.76236pt x 251.278pt.
 [328 <./images/vasc_lab2/Slide7.png>]
<images/vasc_lab2/Slide8.png, id=3102, 964.49222pt x 542.47112pt>
File: images/vasc_lab2/Slide8.png Graphic file (type png)
<use images/vasc_lab2/Slide8.png>
Package pdftex.def Info: images/vasc_lab2/Slide8.png  used on input line 18971.
(pdftex.def)             Requested size: 446.76236pt x 251.278pt.
<images/vasc_lab2/Slide9.png, id=3103, 964.49222pt x 542.47112pt>
File: images/vasc_lab2/Slide9.png Graphic file (type png)
<use images/vasc_lab2/Slide9.png>
Package pdftex.def Info: images/vasc_lab2/Slide9.png  used on input line 18991.
(pdftex.def)             Requested size: 446.76236pt x 251.278pt.
 [329 <./images/vasc_lab2/Slide8.png>]
<images/vasc_lab2/Slide10.png, id=3110, 964.49222pt x 542.47112pt>
File: images/vasc_lab2/Slide10.png Graphic file (type png)
<use images/vasc_lab2/Slide10.png>
Package pdftex.def Info: images/vasc_lab2/Slide10.png  used on input line 19024.
(pdftex.def)             Requested size: 446.76236pt x 251.278pt.
 [330 <./images/vasc_lab2/Slide9.png>]
<images/vasc_lab2/Slide11.png, id=3116, 964.49222pt x 542.47112pt>
File: images/vasc_lab2/Slide11.png Graphic file (type png)
<use images/vasc_lab2/Slide11.png>
Package pdftex.def Info: images/vasc_lab2/Slide11.png  used on input line 19058.
(pdftex.def)             Requested size: 446.76236pt x 251.278pt.
 [331 <./images/vasc_lab2/Slide10.png>] [332 <./images/vasc_lab2/Slide11.png>]
Underfull \hbox (badness 2368) in paragraph at lines 19137--19145
\T1/lmr/m/n/10.95 infrared spec-troscopy, stump pres-sure mea-sure-ment, and so-matosen-sory evoked
 []

[333]
<images/vasc_lab2/Slide12.png, id=3134, 964.49222pt x 542.47112pt>
File: images/vasc_lab2/Slide12.png Graphic file (type png)
<use images/vasc_lab2/Slide12.png>
Package pdftex.def Info: images/vasc_lab2/Slide12.png  used on input line 19227.
(pdftex.def)             Requested size: 446.76236pt x 251.278pt.
 [334] [335 <./images/vasc_lab2/Slide12.png>] [336] [337]
<images/vasc_lab2/Slide13.png, id=3156, 964.49222pt x 542.47112pt>
File: images/vasc_lab2/Slide13.png Graphic file (type png)
<use images/vasc_lab2/Slide13.png>
Package pdftex.def Info: images/vasc_lab2/Slide13.png  used on input line 19401.
(pdftex.def)             Requested size: 446.76236pt x 251.278pt.
 [338 <./images/vasc_lab2/Slide13.png>] [339]
<images/vasc_lab2/Slide14.png, id=3168, 964.49222pt x 542.47112pt>
File: images/vasc_lab2/Slide14.png Graphic file (type png)
<use images/vasc_lab2/Slide14.png>
Package pdftex.def Info: images/vasc_lab2/Slide14.png  used on input line 19503.
(pdftex.def)             Requested size: 446.76236pt x 251.278pt.
<images/vasc_lab2/Slide15.png, id=3169, 964.49222pt x 542.47112pt>
File: images/vasc_lab2/Slide15.png Graphic file (type png)
<use images/vasc_lab2/Slide15.png>
Package pdftex.def Info: images/vasc_lab2/Slide15.png  used on input line 19529.
(pdftex.def)             Requested size: 446.76236pt x 251.278pt.
 [340 <./images/vasc_lab2/Slide14.png>]
<images/vasc_lab2/Slide16.png, id=3180, 964.49222pt x 542.47112pt>
File: images/vasc_lab2/Slide16.png Graphic file (type png)
<use images/vasc_lab2/Slide16.png>
Package pdftex.def Info: images/vasc_lab2/Slide16.png  used on input line 19564.
(pdftex.def)             Requested size: 446.76236pt x 251.278pt.
 [341 <./images/vasc_lab2/Slide15.png>]
<images/vasc_lab2/Slide17.png, id=3190, 964.49222pt x 542.47112pt>
File: images/vasc_lab2/Slide17.png Graphic file (type png)
<use images/vasc_lab2/Slide17.png>
Package pdftex.def Info: images/vasc_lab2/Slide17.png  used on input line 19586.
(pdftex.def)             Requested size: 446.76236pt x 251.278pt.
 [342 <./images/vasc_lab2/Slide16.png>] [343 <./images/vasc_lab2/Slide17.png>] [344] [345]
pdfTeX warning (ext4): destination with the same identifier (name{sec-venous}) has been already used, duplicate ignored
<to be read again> 
                   \relax 
l.19802 \section{Venous}\label{sec-venous}}
                                            [346]
<images/vasc_lab2/Slide18.png, id=3222, 964.49222pt x 542.47112pt>
File: images/vasc_lab2/Slide18.png Graphic file (type png)
<use images/vasc_lab2/Slide18.png>
Package pdftex.def Info: images/vasc_lab2/Slide18.png  used on input line 19833.
(pdftex.def)             Requested size: 446.76236pt x 251.278pt.
 [347 <./images/vasc_lab2/Slide18.png>]
<images/vasc_lab2/Slide19.png, id=3228, 964.49222pt x 542.47112pt>
File: images/vasc_lab2/Slide19.png Graphic file (type png)
<use images/vasc_lab2/Slide19.png>
Package pdftex.def Info: images/vasc_lab2/Slide19.png  used on input line 19855.
(pdftex.def)             Requested size: 446.76236pt x 251.278pt.
<images/vasc_lab2/Slide20.png, id=3229, 964.49222pt x 542.47112pt>
File: images/vasc_lab2/Slide20.png Graphic file (type png)
<use images/vasc_lab2/Slide20.png>
Package pdftex.def Info: images/vasc_lab2/Slide20.png  used on input line 19868.
(pdftex.def)             Requested size: 446.76236pt x 251.278pt.
<images/vasc_lab2/Slide21.png, id=3230, 964.49222pt x 542.47112pt>
File: images/vasc_lab2/Slide21.png Graphic file (type png)
<use images/vasc_lab2/Slide21.png>
Package pdftex.def Info: images/vasc_lab2/Slide21.png  used on input line 19890.
(pdftex.def)             Requested size: 446.76236pt x 251.278pt.
 [348 <./images/vasc_lab2/Slide19.png>] [349 <./images/vasc_lab2/Slide20.png> <./images/vasc_lab2/Slide21.png>]
<images/vasc_lab2/Slide22.png, id=3247, 964.49222pt x 542.47112pt>
File: images/vasc_lab2/Slide22.png Graphic file (type png)
<use images/vasc_lab2/Slide22.png>
Package pdftex.def Info: images/vasc_lab2/Slide22.png  used on input line 19959.
(pdftex.def)             Requested size: 446.76236pt x 251.278pt.
 [350]
<images/vasc_lab2/Slide23.png, id=3255, 964.49222pt x 542.47112pt>
File: images/vasc_lab2/Slide23.png Graphic file (type png)
<use images/vasc_lab2/Slide23.png>
Package pdftex.def Info: images/vasc_lab2/Slide23.png  used on input line 20000.
(pdftex.def)             Requested size: 446.76236pt x 251.278pt.
 [351 <./images/vasc_lab2/Slide22.png>] [352 <./images/vasc_lab2/Slide23.png>]
<images/vasc_lab2/Slide24.png, id=3269, 964.49222pt x 542.47112pt>
File: images/vasc_lab2/Slide24.png Graphic file (type png)
<use images/vasc_lab2/Slide24.png>
Package pdftex.def Info: images/vasc_lab2/Slide24.png  used on input line 20052.
(pdftex.def)             Requested size: 446.76236pt x 251.278pt.
<images/vasc_lab2/Slide25.png, id=3270, 964.49222pt x 542.47112pt>
File: images/vasc_lab2/Slide25.png Graphic file (type png)
<use images/vasc_lab2/Slide25.png>
Package pdftex.def Info: images/vasc_lab2/Slide25.png  used on input line 20075.
(pdftex.def)             Requested size: 446.76236pt x 251.278pt.
 [353 <./images/vasc_lab2/Slide24.png>]
<images/vasc_lab2/Slide26.png, id=3276, 964.49222pt x 542.47112pt>
File: images/vasc_lab2/Slide26.png Graphic file (type png)
<use images/vasc_lab2/Slide26.png>
Package pdftex.def Info: images/vasc_lab2/Slide26.png  used on input line 20112.
(pdftex.def)             Requested size: 446.76236pt x 251.278pt.
 [354 <./images/vasc_lab2/Slide25.png>]
<images/vasc_lab2/Slide27.png, id=3282, 964.49222pt x 542.47112pt>
File: images/vasc_lab2/Slide27.png Graphic file (type png)
<use images/vasc_lab2/Slide27.png>
Package pdftex.def Info: images/vasc_lab2/Slide27.png  used on input line 20128.
(pdftex.def)             Requested size: 446.76236pt x 251.278pt.
<images/vasc_lab2/Slide28.png, id=3285, 964.49222pt x 542.47112pt>
File: images/vasc_lab2/Slide28.png Graphic file (type png)
<use images/vasc_lab2/Slide28.png>
Package pdftex.def Info: images/vasc_lab2/Slide28.png  used on input line 20150.
(pdftex.def)             Requested size: 446.76236pt x 251.278pt.
 [355 <./images/vasc_lab2/Slide26.png>] [356 <./images/vasc_lab2/Slide27.png> <./images/vasc_lab2/Slide28.png>] [357]
chapter 21.
[358

] [359] [360] [361] [362] [363] [364]
chapter 22.
[365

] [366] [367] [368] [369] [370] [371]
chapter 23.
[372

] [373]
File: images/mesenteric.jpg Graphic file (type jpg)
<use images/mesenteric.jpg>
Package pdftex.def Info: images/mesenteric.jpg  used on input line 21152.
(pdftex.def)             Requested size: 229.96957pt x 128.06601pt.
 [374] [375] [376] [377] [378] [379

] [380] [381] [382] [383]
Underfull \hbox (badness 1122) in paragraph at lines 21849--21855
[]\T1/lmr/m/n/10.95 Bailey, Charles J., Seth Force, Ross Mil-ner, Karthikesh-war Kasir-a-jan, and Ravi K.
 []

[384] [385] [386] [387] [388] [389]
Underfull \hbox (badness 1635) in paragraph at lines 22323--22329
[]\T1/lmr/m/n/10.95 Cahill, Kate, Nicola Lindson-Hawley, Kyla H. Thomas, Thomas R. Fan-shawe, and
 []


Underfull \hbox (badness 1189) in paragraph at lines 22323--22329
\T1/lmr/m/n/10.95 Tim Lan-caster. 2016. ``Nico-tine Re-cep-tor Par-tial Ag-o-nists for Smok-ing Ces-sa-
 []

[390] [391] [392] [393] [394] [395] [396] [397] [398]
Underfull \hbox (badness 1924) in paragraph at lines 23023--23030
\T1/lmr/m/n/10.95 J. Veith. 2015. ``Col-lected World Ex-pe-ri-ence About the Per-for-mance of the
 []


Underfull \hbox (badness 6592) in paragraph at lines 23023--23030
\T1/lmr/m/n/10.95 Snorkel/Chimney En-dovas-cu-lar Tech-nique in the Treat-ment of Com-plex Aor-
 []

[399]
Underfull \hbox (badness 4981) in paragraph at lines 23121--23127
[]\T1/lmr/m/n/10.95 Elkassaby, Mo-hammed, Nashaat El-saadany, Khaled Mowa-phy, and Mosaad Soli-
 []


Underfull \hbox (badness 3386) in paragraph at lines 23121--23127
\T1/lmr/m/n/10.95 man. 2021. ``Balloon-Assisted Mat-u-ra-tion of Au-to-ge-nous Ar-te-ri-ove-nous Fis-
 []


Underfull \hbox (badness 1173) in paragraph at lines 23121--23127
\T1/lmr/m/n/10.95 tu-lae: A Ran-dom-ized Con-trolled Prospec-tive Study.'' \T1/lmr/m/it/10.95 Vas-cu-lar \T1/lmr/m/n/10.95 29 (5): 776--83.
 []

[400]
Underfull \hbox (badness 1127) in paragraph at lines 23158--23164
[]\T1/lmr/m/n/10.95 Erdoes, Luke S., Jes-sica B. Ezell, Stu-art I. My-ers, Michael B. Hogan, Christo-pher
 []


Underfull \hbox (badness 2600) in paragraph at lines 23158--23164
\T1/lmr/m/n/10.95 J. LeSar, and L. Richard Sprouse. 2011. ``Phar-ma-come-chan-i-cal Throm-bol-y-
 []


Underfull \hbox (badness 1629) in paragraph at lines 23158--23164
\T1/lmr/m/n/10.95 sis for Phleg-ma-sia Cerulea Dolens.'' \T1/lmr/m/it/10.95 The Amer-i-can Sur-geon \T1/lmr/m/n/10.95 77 (12): 1606--12.
 []

[401] [402] [403] [404] [405] [406] [407]
Overfull \hbox (187.71794pt too wide) in paragraph at lines 23736--23744
\T1/lmr/m/n/10.95 men-thal, Lynne T. Braun, et al. 2019. ``2018 AHA/ACC/AACVPR/AAPA/ABC/ACPM/ADA/AGS/APhA/ASPC/NLA/PCNA
 []


Underfull \hbox (badness 1163) in paragraph at lines 23736--23744
\T1/lmr/m/n/10.95 Guide-line on the Man-age-ment of Blood Choles-terol: A Re-port of the Amer-i-can
 []


Underfull \hbox (badness 1308) in paragraph at lines 23736--23744
\T1/lmr/m/n/10.95 Guide-lines.'' \T1/lmr/m/it/10.95 Jour-nal of the Amer-i-can Col-lege of Car-di-ol-ogy \T1/lmr/m/n/10.95 73 (24): e285--350.
 []

[408] [409] [410] [411] [412]
Underfull \hbox (badness 10000) in paragraph at lines 24086--24090
\T1/lmr/m/n/10.95 / / intersocietal . org / wp -[] content / uploads / 2021 / 11 / IACVascularTestingStandards2021 .
 []

[413]
Underfull \hbox (badness 1867) in paragraph at lines 24174--24179
[]\T1/lmr/m/n/10.95 Jenkins, Michael P., Stphan Haulon, Roy K. Green-berg, and Thomas L. Forbes.
 []


Underfull \hbox (badness 1552) in paragraph at lines 24174--24179
\T1/lmr/m/n/10.95 i-nal Aor-tic Aneurysms.'' \T1/lmr/m/it/10.95 Jour-nal of Vas-cu-lar Surgery \T1/lmr/m/n/10.95 54 (1): 258--67. [][]$https :
 []

[414] [415] [416] [417] [418] [419] [420] [421] [422] [423] [424] [425] [426]
Underfull \hbox (badness 1259) in paragraph at lines 25187--25193
[]\T1/lmr/m/n/10.95 Maleux, Geert, Lien Poorte-man, An-nouschka Lae-nen, Bertrand Saint-Lbes, Sab-rina
 []

[427] [428] [429] [430]
Overfull \hbox (137.1825pt too wide) in paragraph at lines 25493--25501
\T1/lmr/m/n/10.95 R. Eu-gene Zier-ler, Michael J. Wolk, et al. 2012. ``ACCF/ACR/AIUM/ASE/ASN/ICAVL/SCAI/SCCT/SIR/SVM/SVS
 []

[431]
Underfull \hbox (badness 1242) in paragraph at lines 25599--25604
\T1/lmr/m/n/10.95 ``Ac-cu-racy of Cere-bral Mon-i-tor-ing in De-tect-ing Cere-bral Is-chemia Dur-ing Carotid
 []

[432] [433] [434] [435] [436] [437] [438] [439]
Underfull \hbox (badness 1102) in paragraph at lines 26182--26190
[]\T1/lmr/m/n/10.95 Plessers, Maarten, Is-abelle Van Herzeele, Dim-itri Hemel-soet, Nikil Pa-tel, Emma M.
 []


Underfull \hbox (badness 2035) in paragraph at lines 26182--26190
\T1/lmr/m/n/10.95 Stent-ing with Dy-namic Flow Re-ver-sal Demon-strates Em-boliza-tion Rates Com-pa-
 []


Underfull \hbox (badness 1762) in paragraph at lines 26182--26190
\T1/lmr/m/it/10.95 Jour-nal of the In-ter-na-tional So-ci-ety of En-dovas-cu-lar Spe-cial-ists \T1/lmr/m/n/10.95 23 (2): 249--54.
 []

[440]
Underfull \hbox (badness 1881) in paragraph at lines 26285--26292
\T1/lmr/m/n/10.95 Jan Gebel, Michael Galan-ski, Karl Mar-tin Koch, and Her-mann Haller. 2001.
 []


Underfull \hbox (badness 1117) in paragraph at lines 26285--26292
\T1/lmr/m/n/10.95 ``Use of Doppler Ul-tra-sonog-ra-phy to Pre-dict the Out-come of Ther-apy for Renal-
 []


Underfull \hbox (badness 1596) in paragraph at lines 26285--26292
\T1/lmr/m/n/10.95 Artery Steno-sis.'' \T1/lmr/m/it/10.95 New Eng-land Jour-nal of Medicine \T1/lmr/m/n/10.95 344 (6): 410--17. [][]$https :
 []

[441]
Underfull \hbox (badness 1902) in paragraph at lines 26326--26331
\T1/lmr/m/it/10.95 Vas-cu-lar Medicine (Lon-don, Eng-land) \T1/lmr/m/n/10.95 23 (5): 478--88. [][]$https : / / doi . org / 10 . 1177 /
 []

[442] [443]
Underfull \hbox (badness 10000) in paragraph at lines 26475--26480
\T1/lmr/m/n/10.95 com . cmich . idm . oclc . org / # ! /content / book / 3 -[] s2 . 0 -[] B9780323427913001250 ? indexOverride =
 []

[444] [445] [446] [447] [448] [449] [450] [451] [452] [453] [454] [455] [456]
Underfull \hbox (badness 1565) in paragraph at lines 27524--27529
[]\T1/lmr/m/n/10.95 Vascular Ul-tra-sound, So-ci-ety for. 2019. \T1/lmr/m/it/10.95 Lower Ex-trem-ity Ve-nous Du-plex Eval-u-a-
 []


Underfull \hbox (badness 2726) in paragraph at lines 27524--27529
\T1/lmr/m/it/10.95 tion for Throm-bo-sis\T1/lmr/m/n/10.95 . Vas-cu-lar Tech-nol-ogy Pro-fes-sional Per-for-mance Guide-lines.
 []


Underfull \hbox (badness 10000) in paragraph at lines 27524--27529
[][]$\T1/lmr/m/n/10.95 https : / / higherlogicdownload . s3 . amazonaws . com / SVUNET / c9a8d83b -[] 2044 -[] 4a4e -[] b3ec -[]
 []


Underfull \hbox (badness 10000) in paragraph at lines 27524--27529
\T1/lmr/m/n/10.95 cd4b2f542939 / UploadedImages / PPG _ Docs / 13 _ _Lower _ Extremity _ Venous _ Duplex _
 []

[457] [458] [459] [460]
Underfull \hbox (badness 1194) in paragraph at lines 27807--27811
[]\T1/lmr/m/n/10.95 Wigley, Fredrick M., and Nicholas A. Flava-han. 2016. ``Ray-naud's Phe-nomenon.''
 []

[461] [462]
! Undefined control sequence.
l.28009 \printindex
                   
The control sequence at the end of the top line
of your error message was never \def'ed. If you have
misspelled it (e.g., `\hobx'), type `I' and the correct
spelling (e.g., `I\hbox'). Otherwise just continue,
and I'll forget about whatever was undefined.

[463] (./index.aux)
 ***********
LaTeX2e <2023-11-01> patch level 1
L3 programming layer <2024-01-22>
 ***********


LaTeX Warning: There were multiply-defined labels.

 ) 
Here is how much of TeX's memory you used:
 36680 strings out of 476182
 734001 string characters out of 5795213
 1988975 words of memory out of 5000000
 55549 multiletter control sequences out of 15000+600000
 621559 words of font info for 84 fonts, out of 8000000 for 9000
 14 hyphenation exceptions out of 8191
 108i,9n,107p,10900b,1045s stack positions out of 10000i,1000n,20000p,200000b,200000s
</home/xrander/.TinyTeX/texmf-dist/fonts/type1/public/fontawesome5/FontAwesome5Free-Solid.pfb></home/xrander/.TinyTeX/texmf-dist/fonts/type1/public/lm/lmbx10.pfb></home/xrander/.TinyTeX/texmf-dist/fonts/type1/public/lm/lmbxi10.pfb></home/xrander/.TinyTeX/texmf-dist/fonts/type1/public/lm/lmr10.pfb></home/xrander/.TinyTeX/texmf-dist/fonts/type1/public/lm/lmr12.pfb></home/xrander/.TinyTeX/texmf-dist/fonts/type1/public/lm/lmri10.pfb></home/xrander/.TinyTeX/texmf-dist/fonts/type1/public/lm/lmssbx10.pfb>
Output written on index.pdf (463 pages, 12490747 bytes).
PDF statistics:
 7753 PDF objects out of 8907 (max. 8388607)
 7168 compressed objects within 72 object streams
 2635 named destinations out of 2984 (max. 500000)
 3144 words of extra memory for PDF output out of 10000 (max. 10000000)

